Server is running on port 8080.

> wetube@0.1.0 start
> react-scripts start

(node:5267) [DEP_WEBPACK_DEV_SERVER_ON_AFTER_SETUP_MIDDLEWARE] DeprecationWarning: 'onAfterSetupMiddleware' option is deprecated. Please use the 'setupMiddlewares' option.
(Use `node --trace-deprecation ...` to show where the warning was created)
(node:5267) [DEP_WEBPACK_DEV_SERVER_ON_BEFORE_SETUP_MIDDLEWARE] DeprecationWarning: 'onBeforeSetupMiddleware' option is deprecated. Please use the 'setupMiddlewares' option.
Starting the development server...


warn - No utility classes were detected in your source files. If this is unexpected, double-check the `content` option in your Tailwind CSS configuration.
warn - https://tailwindcss.com/docs/content-configuration
Compiled successfully!

You can now view wetube in the browser.

  Local:            http://localhost:3000
  On Your Network:  http://10.128.0.3:3000

Note that the development build is not optimized.
To create a production build, use npm run build.

webpack compiled successfully
Compiled successfully!
webpack compiled successfully

> wetube@0.1.0 start
> react-scripts start

Something is already running on port 3000.
Server is running on port 8080.

> wetube@0.1.0 start
> react-scripts start

(node:6163) [DEP_WEBPACK_DEV_SERVER_ON_AFTER_SETUP_MIDDLEWARE] DeprecationWarning: 'onAfterSetupMiddleware' option is deprecated. Please use the 'setupMiddlewares' option.
(Use `node --trace-deprecation ...` to show where the warning was created)
(node:6163) [DEP_WEBPACK_DEV_SERVER_ON_BEFORE_SETUP_MIDDLEWARE] DeprecationWarning: 'onBeforeSetupMiddleware' option is deprecated. Please use the 'setupMiddlewares' option.
Starting the development server...


warn - No utility classes were detected in your source files. If this is unexpected, double-check the `content` option in your Tailwind CSS configuration.
warn - https://tailwindcss.com/docs/content-configuration
Compiled successfully!

You can now view wetube in the browser.

  Local:            http://localhost:3000
  On Your Network:  http://10.128.0.3:3000

Note that the development build is not optimized.
To create a production build, use npm run build.

webpack compiled successfully
Compiled successfully!
webpack compiled successfully
